11:31:05.794 [background-preinit] INFO  o.h.v.i.util.Version - [<clinit>,21] - HV000001: Hibernate Validator 8.0.0.Final
11:31:05.973 [main] INFO  c.a.n.c.u.ParamUtil - [<clinit>,87] - [settings] [req-serv] nacos-server port:8848
11:31:05.973 [main] INFO  c.a.n.c.u.ParamUtil - [<clinit>,98] - [settings] [http-client] connect timeout:1000
11:31:05.974 [main] INFO  c.a.n.c.u.ParamUtil - [<clinit>,105] - PER_TASK_CONFIG_SIZE: 3000.0
11:31:05.985 [main] INFO  c.a.n.p.a.s.c.ClientAuthPluginManager - [init,56] - [ClientAuthPluginManager] Load ClientAuthService com.alibaba.nacos.client.auth.impl.NacosClientAuthServiceImpl success.
11:31:05.985 [main] INFO  c.a.n.p.a.s.c.ClientAuthPluginManager - [init,56] - [ClientAuthPluginManager] Load ClientAuthService com.alibaba.nacos.client.auth.ram.RamClientAuthServiceImpl success.
11:31:06.008 [main] INFO  c.a.n.c.a.r.i.CredentialWatcher - [loadCredential,165] - null No credential found
11:31:06.060 [main] INFO  c.a.n.c.c.i.LocalConfigInfoProcessor - [<clinit>,63] - LOCAL_SNAPSHOT_PATH:/Users/zhaoqianqian/nacos/config
11:31:06.062 [main] INFO  c.a.n.c.r.client - [lambda$createClient$0,108] - [RpcClientFactory] create a new rpc client of bcf35c9c-05a3-4e73-8e5a-b364dae3a4e5_config-0
11:31:06.070 [main] INFO  c.a.n.c.r.client - [printIfInfoEnabled,63] - [bcf35c9c-05a3-4e73-8e5a-b364dae3a4e5_config-0] Register server push request handler:com.alibaba.nacos.client.config.impl.ClientWorker$ConfigRpcTransportClient$$Lambda$560/0x000000c801369fc0
11:31:06.071 [main] INFO  c.a.n.c.r.client - [printIfInfoEnabled,63] - [bcf35c9c-05a3-4e73-8e5a-b364dae3a4e5_config-0] Register server push request handler:com.alibaba.nacos.client.config.impl.ClientWorker$ConfigRpcTransportClient$$Lambda$561/0x000000c80136a3f0
11:31:06.071 [main] INFO  c.a.n.c.r.client - [printIfInfoEnabled,63] - [bcf35c9c-05a3-4e73-8e5a-b364dae3a4e5_config-0] Registry connection listener to current client:com.alibaba.nacos.client.config.impl.ClientWorker$ConfigRpcTransportClient$1
11:31:06.071 [main] INFO  c.a.n.c.r.client - [printIfInfoEnabled,63] - [bcf35c9c-05a3-4e73-8e5a-b364dae3a4e5_config-0] RpcClient init, ServerListFactory = com.alibaba.nacos.client.config.impl.ClientWorker$ConfigRpcTransportClient$2
11:31:06.076 [main] INFO  c.a.n.c.r.client - [printIfInfoEnabled,63] - [bcf35c9c-05a3-4e73-8e5a-b364dae3a4e5_config-0] Try to connect to server on start up, server: {serverIp = 'localhost', server main port = 8848}
11:31:06.099 [main] INFO  c.a.n.c.r.c.g.GrpcClient - [createNewManagedChannel,182] - grpc client connection server:localhost ip,serverPort:9848,grpcTslConfig:{"sslProvider":"OPENSSL","enableTls":false,"mutualAuthEnable":false,"trustAll":false}
11:31:06.559 [main] INFO  c.a.n.c.r.client - [printIfInfoEnabled,63] - [bcf35c9c-05a3-4e73-8e5a-b364dae3a4e5_config-0] Success to connect to server [localhost:8848] on start up, connectionId = 1745292666386_192.168.65.1_41404
11:31:06.560 [com.alibaba.nacos.client.remote.worker] INFO  c.a.n.c.r.client - [printIfInfoEnabled,63] - [bcf35c9c-05a3-4e73-8e5a-b364dae3a4e5_config-0] Notify connected event to listeners.
11:31:06.560 [main] INFO  c.a.n.c.r.client - [printIfInfoEnabled,63] - [bcf35c9c-05a3-4e73-8e5a-b364dae3a4e5_config-0] Register server push request handler:com.alibaba.nacos.common.remote.client.RpcClient$ConnectResetRequestHandler
11:31:06.560 [com.alibaba.nacos.client.remote.worker] INFO  c.a.n.c.c.i.ClientWorker - [onConnected,639] - [bcf35c9c-05a3-4e73-8e5a-b364dae3a4e5_config-0] Connected,notify listen context...
11:31:06.560 [main] INFO  c.a.n.c.r.client - [printIfInfoEnabled,63] - [bcf35c9c-05a3-4e73-8e5a-b364dae3a4e5_config-0] Register server push request handler:com.alibaba.nacos.common.remote.client.RpcClient$$Lambda$578/0x000000c8014ae650
11:31:06.581 [main] INFO  c.a.n.c.c.i.Limiter - [<clinit>,62] - limitTime:5.0
11:31:06.613 [main] INFO  c.a.n.c.c.u.JvmUtil - [<clinit>,54] - isMultiInstance:false
11:31:06.618 [main] INFO  o.s.c.b.c.PropertySourceBootstrapConfiguration - [initialize,108] - Located property source: [BootstrapPropertySource {name='bootstrapProperties-oj-gateway-local.yaml,DEFAULT_GROUP'}, BootstrapPropertySource {name='bootstrapProperties-oj-gateway.yaml,DEFAULT_GROUP'}, BootstrapPropertySource {name='bootstrapProperties-oj-gateway,DEFAULT_GROUP'}]
11:31:06.621 [main] INFO  c.z.g.OjGatewayApplication - [logStartupProfileInfo,636] - The following 1 profile is active: "local"
11:31:06.879 [main] INFO  o.s.d.r.c.RepositoryConfigurationDelegate - [multipleStoresDetected,294] - Multiple Spring Data modules found, entering strict repository configuration mode
11:31:06.880 [main] INFO  o.s.d.r.c.RepositoryConfigurationDelegate - [registerRepositoriesIn,138] - Bootstrapping Spring Data Redis repositories in DEFAULT mode.
11:31:06.890 [main] INFO  o.s.d.r.c.RepositoryConfigurationDelegate - [registerRepositoriesIn,208] - Finished Spring Data repository scanning in 3 ms. Found 0 Redis repository interfaces.
11:31:06.947 [main] INFO  o.s.c.c.s.GenericScope - [setSerializationId,282] - BeanFactory id=c3aba47d-e245-3d32-84c2-21f76a00d016
11:31:06.959 [main] INFO  o.s.c.s.PostProcessorRegistrationDelegate$BeanPostProcessorChecker - [postProcessAfterInitialization,409] - Bean 'org.springframework.cloud.client.loadbalancer.reactive.LoadBalancerBeanPostProcessorAutoConfiguration' of type [org.springframework.cloud.client.loadbalancer.reactive.LoadBalancerBeanPostProcessorAutoConfiguration] is not eligible for getting processed by all BeanPostProcessors (for example: not eligible for auto-proxying)
11:31:06.960 [main] INFO  o.s.c.s.PostProcessorRegistrationDelegate$BeanPostProcessorChecker - [postProcessAfterInitialization,409] - Bean 'org.springframework.cloud.client.loadbalancer.reactive.LoadBalancerBeanPostProcessorAutoConfiguration$ReactorDeferringLoadBalancerFilterConfig' of type [org.springframework.cloud.client.loadbalancer.reactive.LoadBalancerBeanPostProcessorAutoConfiguration$ReactorDeferringLoadBalancerFilterConfig] is not eligible for getting processed by all BeanPostProcessors (for example: not eligible for auto-proxying)
11:31:06.960 [main] INFO  o.s.c.s.PostProcessorRegistrationDelegate$BeanPostProcessorChecker - [postProcessAfterInitialization,409] - Bean 'reactorDeferringLoadBalancerExchangeFilterFunction' of type [org.springframework.cloud.client.loadbalancer.reactive.DeferringLoadBalancerExchangeFilterFunction] is not eligible for getting processed by all BeanPostProcessors (for example: not eligible for auto-proxying)
11:31:07.316 [main] INFO  o.s.c.g.r.RouteDefinitionRouteLocator - [lambda$initFactories$1,88] - Loaded RoutePredicateFactory [After]
11:31:07.316 [main] INFO  o.s.c.g.r.RouteDefinitionRouteLocator - [lambda$initFactories$1,88] - Loaded RoutePredicateFactory [Before]
11:31:07.316 [main] INFO  o.s.c.g.r.RouteDefinitionRouteLocator - [lambda$initFactories$1,88] - Loaded RoutePredicateFactory [Between]
11:31:07.316 [main] INFO  o.s.c.g.r.RouteDefinitionRouteLocator - [lambda$initFactories$1,88] - Loaded RoutePredicateFactory [Cookie]
11:31:07.317 [main] INFO  o.s.c.g.r.RouteDefinitionRouteLocator - [lambda$initFactories$1,88] - Loaded RoutePredicateFactory [Header]
11:31:07.317 [main] INFO  o.s.c.g.r.RouteDefinitionRouteLocator - [lambda$initFactories$1,88] - Loaded RoutePredicateFactory [Host]
11:31:07.317 [main] INFO  o.s.c.g.r.RouteDefinitionRouteLocator - [lambda$initFactories$1,88] - Loaded RoutePredicateFactory [Method]
11:31:07.317 [main] INFO  o.s.c.g.r.RouteDefinitionRouteLocator - [lambda$initFactories$1,88] - Loaded RoutePredicateFactory [Path]
11:31:07.317 [main] INFO  o.s.c.g.r.RouteDefinitionRouteLocator - [lambda$initFactories$1,88] - Loaded RoutePredicateFactory [Query]
11:31:07.317 [main] INFO  o.s.c.g.r.RouteDefinitionRouteLocator - [lambda$initFactories$1,88] - Loaded RoutePredicateFactory [ReadBody]
11:31:07.317 [main] INFO  o.s.c.g.r.RouteDefinitionRouteLocator - [lambda$initFactories$1,88] - Loaded RoutePredicateFactory [RemoteAddr]
11:31:07.317 [main] INFO  o.s.c.g.r.RouteDefinitionRouteLocator - [lambda$initFactories$1,88] - Loaded RoutePredicateFactory [XForwardedRemoteAddr]
11:31:07.317 [main] INFO  o.s.c.g.r.RouteDefinitionRouteLocator - [lambda$initFactories$1,88] - Loaded RoutePredicateFactory [Weight]
11:31:07.317 [main] INFO  o.s.c.g.r.RouteDefinitionRouteLocator - [lambda$initFactories$1,88] - Loaded RoutePredicateFactory [CloudFoundryRouteService]
11:31:07.438 [main] INFO  o.s.b.w.e.n.NettyWebServer - [start,111] - Netty started on port 19090
11:31:07.443 [main] INFO  c.a.n.client.naming - [initNamespaceForNaming,62] - initializer namespace from ans.namespace attribute : null
11:31:07.444 [main] INFO  c.a.n.client.naming - [lambda$initNamespaceForNaming$0,66] - initializer namespace from ALIBABA_ALIWARE_NAMESPACE attribute :null
11:31:07.444 [main] INFO  c.a.n.client.naming - [lambda$initNamespaceForNaming$1,73] - initializer namespace from namespace attribute :null
11:31:07.446 [main] INFO  c.a.n.p.a.s.c.ClientAuthPluginManager - [init,56] - [ClientAuthPluginManager] Load ClientAuthService com.alibaba.nacos.client.auth.impl.NacosClientAuthServiceImpl success.
11:31:07.446 [main] INFO  c.a.n.p.a.s.c.ClientAuthPluginManager - [init,56] - [ClientAuthPluginManager] Load ClientAuthService com.alibaba.nacos.client.auth.ram.RamClientAuthServiceImpl success.
11:31:07.448 [main] INFO  c.a.n.c.r.client - [lambda$createClient$0,108] - [RpcClientFactory] create a new rpc client of 4d911ccd-6329-4009-a66c-827376cdde94
11:31:07.448 [main] INFO  c.a.n.c.r.client - [printIfInfoEnabled,63] - [4d911ccd-6329-4009-a66c-827376cdde94] RpcClient init, ServerListFactory = com.alibaba.nacos.client.naming.core.ServerListManager
11:31:07.448 [main] INFO  c.a.n.c.r.client - [printIfInfoEnabled,63] - [4d911ccd-6329-4009-a66c-827376cdde94] Registry connection listener to current client:com.alibaba.nacos.client.naming.remote.gprc.redo.NamingGrpcRedoService
11:31:07.448 [main] INFO  c.a.n.c.r.client - [printIfInfoEnabled,63] - [4d911ccd-6329-4009-a66c-827376cdde94] Register server push request handler:com.alibaba.nacos.client.naming.remote.gprc.NamingPushRequestHandler
11:31:07.449 [main] INFO  c.a.n.c.r.client - [printIfInfoEnabled,63] - [4d911ccd-6329-4009-a66c-827376cdde94] Try to connect to server on start up, server: {serverIp = 'localhost', server main port = 8848}
11:31:07.449 [main] INFO  c.a.n.c.r.c.g.GrpcClient - [createNewManagedChannel,182] - grpc client connection server:localhost ip,serverPort:9848,grpcTslConfig:{"sslProvider":"OPENSSL","enableTls":false,"mutualAuthEnable":false,"trustAll":false}
11:31:07.560 [main] INFO  c.a.n.c.r.client - [printIfInfoEnabled,63] - [4d911ccd-6329-4009-a66c-827376cdde94] Success to connect to server [localhost:8848] on start up, connectionId = 1745292667453_192.168.65.1_21604
11:31:07.561 [main] INFO  c.a.n.c.r.client - [printIfInfoEnabled,63] - [4d911ccd-6329-4009-a66c-827376cdde94] Register server push request handler:com.alibaba.nacos.common.remote.client.RpcClient$ConnectResetRequestHandler
11:31:07.561 [com.alibaba.nacos.client.remote.worker] INFO  c.a.n.c.r.client - [printIfInfoEnabled,63] - [4d911ccd-6329-4009-a66c-827376cdde94] Notify connected event to listeners.
11:31:07.561 [main] INFO  c.a.n.c.r.client - [printIfInfoEnabled,63] - [4d911ccd-6329-4009-a66c-827376cdde94] Register server push request handler:com.alibaba.nacos.common.remote.client.RpcClient$$Lambda$578/0x000000c8014ae650
11:31:07.561 [com.alibaba.nacos.client.remote.worker] INFO  c.a.n.client.naming - [onConnected,78] - Grpc connection connect
11:31:07.562 [main] INFO  c.a.n.client.naming - [registerService,121] - [REGISTER-SERVICE] af3eed34-40c9-4223-93e2-328de23812b0 registering service oj-gateway with instance Instance{instanceId='null', ip='172.20.10.3', port=19090, weight=1.0, healthy=true, enabled=true, ephemeral=true, clusterName='DEFAULT', serviceName='null', metadata={IPv6=[2409:8924:8830:24f9:c9d5:977f:6f2a:b093], preserved.register.source=SPRING_CLOUD}}
11:31:07.573 [main] INFO  c.a.c.n.r.NacosServiceRegistry - [register,76] - nacos registry, DEFAULT_GROUP oj-gateway 172.20.10.3:19090 register finished
11:31:07.599 [main] INFO  c.z.g.OjGatewayApplication - [logStarted,57] - Started OjGatewayApplication in 2.091 seconds (process running for 2.615)
11:31:07.601 [main] INFO  c.a.n.c.c.i.CacheData - [<clinit>,67] - nacos.cache.data.init.snapshot = true 
11:31:07.601 [main] INFO  c.a.n.c.c.i.ClientWorker - [addCacheDataIfAbsent,380] - [fixed-af3eed34-40c9-4223-93e2-328de23812b0-localhost_8848] [subscribe] oj-gateway-local.yaml+DEFAULT_GROUP+af3eed34-40c9-4223-93e2-328de23812b0
11:31:07.604 [main] INFO  c.a.n.c.c.i.CacheData - [addListener,197] - [fixed-af3eed34-40c9-4223-93e2-328de23812b0-localhost_8848] [add-listener] ok, tenant=af3eed34-40c9-4223-93e2-328de23812b0, dataId=oj-gateway-local.yaml, group=DEFAULT_GROUP, cnt=1
11:31:07.604 [main] INFO  c.a.c.n.r.NacosContextRefresher - [registerNacosListener,129] - [Nacos Config] Listening config: dataId=oj-gateway-local.yaml, group=DEFAULT_GROUP
11:31:07.604 [main] INFO  c.a.n.c.c.i.ClientWorker - [addCacheDataIfAbsent,380] - [fixed-af3eed34-40c9-4223-93e2-328de23812b0-localhost_8848] [subscribe] oj-gateway+DEFAULT_GROUP+af3eed34-40c9-4223-93e2-328de23812b0
11:31:07.605 [main] INFO  c.a.n.c.c.i.CacheData - [addListener,197] - [fixed-af3eed34-40c9-4223-93e2-328de23812b0-localhost_8848] [add-listener] ok, tenant=af3eed34-40c9-4223-93e2-328de23812b0, dataId=oj-gateway, group=DEFAULT_GROUP, cnt=1
11:31:07.605 [main] INFO  c.a.c.n.r.NacosContextRefresher - [registerNacosListener,129] - [Nacos Config] Listening config: dataId=oj-gateway, group=DEFAULT_GROUP
11:31:07.605 [main] INFO  c.a.n.c.c.i.ClientWorker - [addCacheDataIfAbsent,380] - [fixed-af3eed34-40c9-4223-93e2-328de23812b0-localhost_8848] [subscribe] oj-gateway.yaml+DEFAULT_GROUP+af3eed34-40c9-4223-93e2-328de23812b0
11:31:07.605 [main] INFO  c.a.n.c.c.i.CacheData - [addListener,197] - [fixed-af3eed34-40c9-4223-93e2-328de23812b0-localhost_8848] [add-listener] ok, tenant=af3eed34-40c9-4223-93e2-328de23812b0, dataId=oj-gateway.yaml, group=DEFAULT_GROUP, cnt=1
11:31:07.605 [main] INFO  c.a.c.n.r.NacosContextRefresher - [registerNacosListener,129] - [Nacos Config] Listening config: dataId=oj-gateway.yaml, group=DEFAULT_GROUP
11:31:31.155 [boundedElastic-1] INFO  c.a.n.client.naming - [subscribe,167] - [SUBSCRIBE-SERVICE] service:oj-system, group:DEFAULT_GROUP, clusters: 
11:31:31.181 [boundedElastic-1] INFO  c.a.n.client.naming - [isChangedServiceInfo,184] - init new ips(1) service: DEFAULT_GROUP@@oj-system -> [{"instanceId":"172.20.10.3#9201#DEFAULT#DEFAULT_GROUP@@oj-system","ip":"172.20.10.3","port":9201,"weight":1.0,"healthy":true,"enabled":true,"ephemeral":true,"clusterName":"DEFAULT","serviceName":"DEFAULT_GROUP@@oj-system","metadata":{"preserved.register.source":"SPRING_CLOUD","IPv6":"[2409:8924:8830:24f9:c9d5:977f:6f2a:b093]"},"instanceHeartBeatInterval":5000,"instanceHeartBeatTimeOut":15000,"ipDeleteTimeout":30000}]
11:31:31.182 [boundedElastic-1] INFO  c.a.n.client.naming - [processServiceInfo,169] - current ips:(1) service: DEFAULT_GROUP@@oj-system -> [{"instanceId":"172.20.10.3#9201#DEFAULT#DEFAULT_GROUP@@oj-system","ip":"172.20.10.3","port":9201,"weight":1.0,"healthy":true,"enabled":true,"ephemeral":true,"clusterName":"DEFAULT","serviceName":"DEFAULT_GROUP@@oj-system","metadata":{"preserved.register.source":"SPRING_CLOUD","IPv6":"[2409:8924:8830:24f9:c9d5:977f:6f2a:b093]"},"instanceHeartBeatInterval":5000,"instanceHeartBeatTimeOut":15000,"ipDeleteTimeout":30000}]
11:31:31.787 [nacos-grpc-client-executor-localhost-19] INFO  c.a.n.c.r.client - [printIfInfoEnabled,63] - [4d911ccd-6329-4009-a66c-827376cdde94] Receive server push request, request = NotifySubscriberRequest, requestId = 1
11:31:31.787 [nacos-grpc-client-executor-localhost-19] INFO  c.a.n.c.r.client - [printIfInfoEnabled,63] - [4d911ccd-6329-4009-a66c-827376cdde94] Ack server push request, request = NotifySubscriberRequest, requestId = 1
11:32:10.102 [boundedElastic-1] INFO  c.a.n.client.naming - [subscribe,167] - [SUBSCRIBE-SERVICE] service:oj-friend, group:DEFAULT_GROUP, clusters: 
11:32:10.102 [boundedElastic-2] INFO  c.a.n.client.naming - [subscribe,167] - [SUBSCRIBE-SERVICE] service:oj-friend, group:DEFAULT_GROUP, clusters: 
11:32:10.111 [boundedElastic-1] INFO  c.a.n.client.naming - [isChangedServiceInfo,184] - init new ips(1) service: DEFAULT_GROUP@@oj-friend -> [{"instanceId":"172.20.10.3#9202#DEFAULT#DEFAULT_GROUP@@oj-friend","ip":"172.20.10.3","port":9202,"weight":1.0,"healthy":true,"enabled":true,"ephemeral":true,"clusterName":"DEFAULT","serviceName":"DEFAULT_GROUP@@oj-friend","metadata":{"preserved.register.source":"SPRING_CLOUD","IPv6":"[2409:8924:8830:24f9:c9d5:977f:6f2a:b093]"},"instanceHeartBeatInterval":5000,"instanceHeartBeatTimeOut":15000,"ipDeleteTimeout":30000}]
11:32:10.111 [boundedElastic-1] INFO  c.a.n.client.naming - [processServiceInfo,169] - current ips:(1) service: DEFAULT_GROUP@@oj-friend -> [{"instanceId":"172.20.10.3#9202#DEFAULT#DEFAULT_GROUP@@oj-friend","ip":"172.20.10.3","port":9202,"weight":1.0,"healthy":true,"enabled":true,"ephemeral":true,"clusterName":"DEFAULT","serviceName":"DEFAULT_GROUP@@oj-friend","metadata":{"preserved.register.source":"SPRING_CLOUD","IPv6":"[2409:8924:8830:24f9:c9d5:977f:6f2a:b093]"},"instanceHeartBeatInterval":5000,"instanceHeartBeatTimeOut":15000,"ipDeleteTimeout":30000}]
11:32:10.679 [nacos-grpc-client-executor-localhost-42] INFO  c.a.n.c.r.client - [printIfInfoEnabled,63] - [4d911ccd-6329-4009-a66c-827376cdde94] Receive server push request, request = NotifySubscriberRequest, requestId = 2
11:32:10.680 [nacos-grpc-client-executor-localhost-42] INFO  c.a.n.c.r.client - [printIfInfoEnabled,63] - [4d911ccd-6329-4009-a66c-827376cdde94] Ack server push request, request = NotifySubscriberRequest, requestId = 2
11:33:32.467 [SpringApplicationShutdownHook] INFO  c.a.c.n.r.NacosServiceRegistry - [deregister,95] - De-registering from Nacos Server now...
11:33:32.468 [SpringApplicationShutdownHook] INFO  c.a.n.client.naming - [deregisterService,217] - [DEREGISTER-SERVICE] af3eed34-40c9-4223-93e2-328de23812b0 deregistering service oj-gateway with instance: Instance{instanceId='null', ip='172.20.10.3', port=19090, weight=1.0, healthy=true, enabled=true, ephemeral=true, clusterName='DEFAULT', serviceName='null', metadata={}}
11:33:32.475 [SpringApplicationShutdownHook] INFO  c.a.c.n.r.NacosServiceRegistry - [deregister,115] - De-registration finished.
11:33:32.475 [SpringApplicationShutdownHook] INFO  c.a.n.client.naming - [shutdown,256] - com.alibaba.nacos.client.naming.cache.ServiceInfoHolder do shutdown begin
11:33:32.475 [SpringApplicationShutdownHook] INFO  c.a.n.client.naming - [shutdown,136] - com.alibaba.nacos.client.naming.backups.FailoverReactor do shutdown begin
11:33:32.475 [SpringApplicationShutdownHook] INFO  c.a.n.client.naming - [shutdown,138] - com.alibaba.nacos.client.naming.backups.FailoverReactor do shutdown stop
11:33:32.475 [SpringApplicationShutdownHook] INFO  c.a.n.client.naming - [shutdown,258] - com.alibaba.nacos.client.naming.cache.ServiceInfoHolder do shutdown stop
11:33:32.475 [SpringApplicationShutdownHook] INFO  c.a.n.client.naming - [shutdown,204] - com.alibaba.nacos.client.naming.remote.NamingClientProxyDelegate do shutdown begin
11:33:32.475 [SpringApplicationShutdownHook] INFO  c.a.n.client.naming - [shutdown,143] - com.alibaba.nacos.client.naming.core.ServiceInfoUpdateService do shutdown begin
11:33:32.476 [SpringApplicationShutdownHook] INFO  c.a.n.client.naming - [shutdown,145] - com.alibaba.nacos.client.naming.core.ServiceInfoUpdateService do shutdown stop
11:33:32.476 [SpringApplicationShutdownHook] INFO  c.a.n.client.naming - [shutdown,194] - com.alibaba.nacos.client.naming.core.ServerListManager do shutdown begin
11:33:32.476 [SpringApplicationShutdownHook] INFO  c.a.n.client.naming - [shutdown,199] - com.alibaba.nacos.client.naming.core.ServerListManager do shutdown stop
11:33:32.476 [SpringApplicationShutdownHook] INFO  c.a.n.client.naming - [shutdown,484] - com.alibaba.nacos.client.naming.remote.http.NamingHttpClientProxy do shutdown begin
11:33:32.476 [SpringApplicationShutdownHook] INFO  c.a.n.client.naming - [shutdown,486] - com.alibaba.nacos.client.naming.remote.http.NamingHttpClientProxy do shutdown stop
11:33:32.476 [SpringApplicationShutdownHook] INFO  c.a.n.c.r.client - [shutdown,429] - Shutdown rpc client, set status to shutdown
11:33:32.476 [SpringApplicationShutdownHook] INFO  c.a.n.c.r.client - [shutdown,431] - Shutdown client event executor java.util.concurrent.ScheduledThreadPoolExecutor@4f43c12[Running, pool size = 2, active threads = 2, queued tasks = 0, completed tasks = 0]
11:33:32.476 [SpringApplicationShutdownHook] INFO  c.a.n.c.r.client - [closeConnection,584] - Close current connection 1745292667453_192.168.65.1_21604
11:33:32.478 [nacos-grpc-client-executor-localhost-80] INFO  c.a.n.c.r.c.g.GrpcClient - [printIfInfoEnabled,63] - [1745292667453_192.168.65.1_21604]Ignore complete event,isRunning:false,isAbandon=false
11:33:32.479 [SpringApplicationShutdownHook] INFO  c.a.n.c.r.c.g.GrpcClient - [shutdown,159] - Shutdown grpc executor java.util.concurrent.ThreadPoolExecutor@7cc8a490[Running, pool size = 8, active threads = 0, queued tasks = 0, completed tasks = 81]
11:33:32.479 [SpringApplicationShutdownHook] INFO  c.a.n.client.naming - [shutdown,318] - Shutdown grpc redo service executor java.util.concurrent.ScheduledThreadPoolExecutor@3649cfba[Running, pool size = 1, active threads = 0, queued tasks = 1, completed tasks = 48]
11:33:32.480 [SpringApplicationShutdownHook] INFO  c.a.n.c.a.r.i.CredentialWatcher - [stop,106] - [null] CredentialWatcher is stopped
11:33:32.480 [SpringApplicationShutdownHook] INFO  c.a.n.c.a.r.i.CredentialService - [free,100] - [null] CredentialService is freed
11:33:32.480 [SpringApplicationShutdownHook] INFO  c.a.n.client.naming - [shutdown,211] - com.alibaba.nacos.client.naming.remote.NamingClientProxyDelegate do shutdown stop
